Determining if the pthread_create exist failed with the following output:
Change Dir: /home/nvidia/droneyee_ws/build/CMakeFiles/CMakeTmp

Run Build Command:"/usr/bin/make" "cmTC_323ba/fast"
/usr/bin/make -f CMakeFiles/cmTC_323ba.dir/build.make CMakeFiles/cmTC_323ba.dir/build
make[1]: Entering directory '/home/nvidia/droneyee_ws/build/CMakeFiles/CMakeTmp'
Building C object CMakeFiles/cmTC_323ba.dir/CheckSymbolExists.c.o
/usr/bin/cc    -o CMakeFiles/cmTC_323ba.dir/CheckSymbolExists.c.o   -c /home/nvidia/droneyee_ws/build/CMakeFiles/CMakeTmp/CheckSymbolExists.c
Linking C executable cmTC_323ba
/usr/local/bin/cmake -E cmake_link_script CMakeFiles/cmTC_323ba.dir/link.txt --verbose=1
/usr/bin/cc      -rdynamic CMakeFiles/cmTC_323ba.dir/CheckSymbolExists.c.o  -o cmTC_323ba 
CMakeFiles/cmTC_323ba.dir/CheckSymbolExists.c.o: In function `main':
CheckSymbolExists.c:(.text+0x14): undefined reference to `pthread_create'
CheckSymbolExists.c:(.text+0x18): undefined reference to `pthread_create'
collect2: error: ld returned 1 exit status
CMakeFiles/cmTC_323ba.dir/build.make:86: recipe for target 'cmTC_323ba' failed
make[1]: *** [cmTC_323ba] Error 1
make[1]: Leaving directory '/home/nvidia/droneyee_ws/build/CMakeFiles/CMakeTmp'
Makefile:121: recipe for target 'cmTC_323ba/fast' failed
make: *** [cmTC_323ba/fast] Error 2

File /home/nvidia/droneyee_ws/build/CMakeFiles/CMakeTmp/CheckSymbolExists.c:
/* */
#include <pthread.h>

int main(int argc, char** argv)
{
  (void)argv;
#ifndef pthread_create
  return ((int*)(&pthread_create))[argc];
#else
  (void)argc;
  return 0;
#endif
}

Determining if the function pthread_create exists in the pthreads failed with the following output:
Change Dir: /home/nvidia/droneyee_ws/build/CMakeFiles/CMakeTmp

Run Build Command:"/usr/bin/make" "cmTC_7c7c8/fast"
/usr/bin/make -f CMakeFiles/cmTC_7c7c8.dir/build.make CMakeFiles/cmTC_7c7c8.dir/build
make[1]: Entering directory '/home/nvidia/droneyee_ws/build/CMakeFiles/CMakeTmp'
Building C object CMakeFiles/cmTC_7c7c8.dir/CheckFunctionExists.c.o
/usr/bin/cc   -DCHECK_FUNCTION_EXISTS=pthread_create   -o CMakeFiles/cmTC_7c7c8.dir/CheckFunctionExists.c.o   -c /usr/local/share/cmake-3.12/Modules/CheckFunctionExists.c
Linking C executable cmTC_7c7c8
/usr/local/bin/cmake -E cmake_link_script CMakeFiles/cmTC_7c7c8.dir/link.txt --verbose=1
/usr/bin/cc  -DCHECK_FUNCTION_EXISTS=pthread_create    -rdynamic CMakeFiles/cmTC_7c7c8.dir/CheckFunctionExists.c.o  -o cmTC_7c7c8 -lpthreads 
/usr/bin/ld: cannot find -lpthreads
collect2: error: ld returned 1 exit status
CMakeFiles/cmTC_7c7c8.dir/build.make:86: recipe for target 'cmTC_7c7c8' failed
make[1]: *** [cmTC_7c7c8] Error 1
make[1]: Leaving directory '/home/nvidia/droneyee_ws/build/CMakeFiles/CMakeTmp'
Makefile:121: recipe for target 'cmTC_7c7c8/fast' failed
make: *** [cmTC_7c7c8/fast] Error 2


